
2020-04-01 13:41:03
[ERROR]-[Thread: main]-[com.jfinal.core.Config.startPlugins()]: Plugin start error: com.jfinal.plugin.activerecord.ActiveRecordPlugin. 
com.mysql.jdbc.exceptions.jdbc4.MySQLSyntaxErrorException: Table 'pragmatic.blog' doesn't exist
com.jfinal.plugin.activerecord.ActiveRecordException: com.mysql.jdbc.exceptions.jdbc4.MySQLSyntaxErrorException: Table 'pragmatic.blog' doesn't exist
	at com.jfinal.plugin.activerecord.TableBuilder.build(TableBuilder.java:55)
	at com.jfinal.plugin.activerecord.ActiveRecordPlugin.start(ActiveRecordPlugin.java:226)
	at com.jfinal.core.Config.startPlugins(Config.java:128)
	at com.jfinal.core.Config.configPluginWithOrder(Config.java:71)
	at com.jfinal.core.Config.configJFinal(Config.java:59)
	at com.jfinal.core.JFinal.init(JFinal.java:61)
	at com.jfinal.core.JFinalFilter.init(JFinalFilter.java:64)
	at io.undertow.servlet.core.LifecyleInterceptorInvocation.proceed(LifecyleInterceptorInvocation.java:111)
	at io.undertow.servlet.core.ManagedFilter.createFilter(ManagedFilter.java:80)
	at io.undertow.servlet.core.DeploymentManagerImpl$2.call(DeploymentManagerImpl.java:591)
	at io.undertow.servlet.core.DeploymentManagerImpl$2.call(DeploymentManagerImpl.java:556)
	at io.undertow.servlet.core.ServletRequestContextThreadSetupAction$1.call(ServletRequestContextThreadSetupAction.java:42)
	at io.undertow.servlet.core.ContextClassLoaderSetupAction$1.call(ContextClassLoaderSetupAction.java:43)
	at io.undertow.servlet.core.DeploymentManagerImpl.start(DeploymentManagerImpl.java:598)
	at com.jfinal.server.undertow.UndertowServer.configHttp(UndertowServer.java:284)
	at com.jfinal.server.undertow.UndertowServer.doStart(UndertowServer.java:262)
	at com.jfinal.server.undertow.UndertowServer.start(UndertowServer.java:159)
	at com.jfinal.server.undertow.UndertowServer.start(UndertowServer.java:84)
	at com.demo.common.DemoConfig.main(DemoConfig.java:33)
Caused by: com.mysql.jdbc.exceptions.jdbc4.MySQLSyntaxErrorException: Table 'pragmatic.blog' doesn't exist
	at sun.reflect.NativeConstructorAccessorImpl.newInstance0(Native Method)
	at sun.reflect.NativeConstructorAccessorImpl.newInstance(NativeConstructorAccessorImpl.java:62)
	at sun.reflect.DelegatingConstructorAccessorImpl.newInstance(DelegatingConstructorAccessorImpl.java:45)
	at java.lang.reflect.Constructor.newInstance(Constructor.java:423)
	at com.mysql.jdbc.Util.handleNewInstance(Util.java:425)
	at com.mysql.jdbc.Util.getInstance(Util.java:408)
	at com.mysql.jdbc.SQLError.createSQLException(SQLError.java:943)
	at com.mysql.jdbc.MysqlIO.checkErrorPacket(MysqlIO.java:3973)
	at com.mysql.jdbc.MysqlIO.checkErrorPacket(MysqlIO.java:3909)
	at com.mysql.jdbc.MysqlIO.sendCommand(MysqlIO.java:2527)
	at com.mysql.jdbc.MysqlIO.sqlQueryDirect(MysqlIO.java:2680)
	at com.mysql.jdbc.ConnectionImpl.execSQL(ConnectionImpl.java:2483)
	at com.mysql.jdbc.ConnectionImpl.execSQL(ConnectionImpl.java:2441)
	at com.mysql.jdbc.StatementImpl.executeQuery(StatementImpl.java:1381)
	at com.alibaba.druid.pool.DruidPooledStatement.executeQuery(DruidPooledStatement.java:140)
	at com.jfinal.plugin.activerecord.TableBuilder.doBuild(TableBuilder.java:71)
	at com.jfinal.plugin.activerecord.TableBuilder.build(TableBuilder.java:47)
	... 18 more

2020-04-01 15:54:53
[ERROR]-[Thread: main]-[com.jfinal.core.Config.startPlugins()]: Plugin start error: com.jfinal.plugin.activerecord.ActiveRecordPlugin. 
com.mysql.jdbc.exceptions.jdbc4.MySQLSyntaxErrorException: Table 'pragmatic.blog' doesn't exist
com.jfinal.plugin.activerecord.ActiveRecordException: com.mysql.jdbc.exceptions.jdbc4.MySQLSyntaxErrorException: Table 'pragmatic.blog' doesn't exist
	at com.jfinal.plugin.activerecord.TableBuilder.build(TableBuilder.java:55)
	at com.jfinal.plugin.activerecord.ActiveRecordPlugin.start(ActiveRecordPlugin.java:226)
	at com.jfinal.core.Config.startPlugins(Config.java:128)
	at com.jfinal.core.Config.configPluginWithOrder(Config.java:71)
	at com.jfinal.core.Config.configJFinal(Config.java:59)
	at com.jfinal.core.JFinal.init(JFinal.java:61)
	at com.jfinal.core.JFinalFilter.init(JFinalFilter.java:64)
	at io.undertow.servlet.core.LifecyleInterceptorInvocation.proceed(LifecyleInterceptorInvocation.java:111)
	at io.undertow.servlet.core.ManagedFilter.createFilter(ManagedFilter.java:80)
	at io.undertow.servlet.core.DeploymentManagerImpl$2.call(DeploymentManagerImpl.java:591)
	at io.undertow.servlet.core.DeploymentManagerImpl$2.call(DeploymentManagerImpl.java:556)
	at io.undertow.servlet.core.ServletRequestContextThreadSetupAction$1.call(ServletRequestContextThreadSetupAction.java:42)
	at io.undertow.servlet.core.ContextClassLoaderSetupAction$1.call(ContextClassLoaderSetupAction.java:43)
	at io.undertow.servlet.core.DeploymentManagerImpl.start(DeploymentManagerImpl.java:598)
	at com.jfinal.server.undertow.UndertowServer.configHttp(UndertowServer.java:284)
	at com.jfinal.server.undertow.UndertowServer.doStart(UndertowServer.java:262)
	at com.jfinal.server.undertow.UndertowServer.start(UndertowServer.java:159)
	at com.jfinal.server.undertow.UndertowServer.start(UndertowServer.java:84)
	at com.uu.common.UuConfig.main(UuConfig.java:23)
Caused by: com.mysql.jdbc.exceptions.jdbc4.MySQLSyntaxErrorException: Table 'pragmatic.blog' doesn't exist
	at sun.reflect.NativeConstructorAccessorImpl.newInstance0(Native Method)
	at sun.reflect.NativeConstructorAccessorImpl.newInstance(NativeConstructorAccessorImpl.java:62)
	at sun.reflect.DelegatingConstructorAccessorImpl.newInstance(DelegatingConstructorAccessorImpl.java:45)
	at java.lang.reflect.Constructor.newInstance(Constructor.java:423)
	at com.mysql.jdbc.Util.handleNewInstance(Util.java:425)
	at com.mysql.jdbc.Util.getInstance(Util.java:408)
	at com.mysql.jdbc.SQLError.createSQLException(SQLError.java:943)
	at com.mysql.jdbc.MysqlIO.checkErrorPacket(MysqlIO.java:3973)
	at com.mysql.jdbc.MysqlIO.checkErrorPacket(MysqlIO.java:3909)
	at com.mysql.jdbc.MysqlIO.sendCommand(MysqlIO.java:2527)
	at com.mysql.jdbc.MysqlIO.sqlQueryDirect(MysqlIO.java:2680)
	at com.mysql.jdbc.ConnectionImpl.execSQL(ConnectionImpl.java:2483)
	at com.mysql.jdbc.ConnectionImpl.execSQL(ConnectionImpl.java:2441)
	at com.mysql.jdbc.StatementImpl.executeQuery(StatementImpl.java:1381)
	at com.alibaba.druid.pool.DruidPooledStatement.executeQuery(DruidPooledStatement.java:140)
	at com.jfinal.plugin.activerecord.TableBuilder.doBuild(TableBuilder.java:71)
	at com.jfinal.plugin.activerecord.TableBuilder.build(TableBuilder.java:47)
	... 18 more

2020-04-01 15:58:20
[ERROR]-[Thread: main]-[com.jfinal.core.Config.startPlugins()]: Plugin start error: com.jfinal.plugin.activerecord.ActiveRecordPlugin. 
com.mysql.jdbc.exceptions.jdbc4.MySQLSyntaxErrorException: Table 'pragmatic.blog' doesn't exist
com.jfinal.plugin.activerecord.ActiveRecordException: com.mysql.jdbc.exceptions.jdbc4.MySQLSyntaxErrorException: Table 'pragmatic.blog' doesn't exist
	at com.jfinal.plugin.activerecord.TableBuilder.build(TableBuilder.java:55)
	at com.jfinal.plugin.activerecord.ActiveRecordPlugin.start(ActiveRecordPlugin.java:226)
	at com.jfinal.core.Config.startPlugins(Config.java:128)
	at com.jfinal.core.Config.configPluginWithOrder(Config.java:71)
	at com.jfinal.core.Config.configJFinal(Config.java:59)
	at com.jfinal.core.JFinal.init(JFinal.java:61)
	at com.jfinal.core.JFinalFilter.init(JFinalFilter.java:64)
	at io.undertow.servlet.core.LifecyleInterceptorInvocation.proceed(LifecyleInterceptorInvocation.java:111)
	at io.undertow.servlet.core.ManagedFilter.createFilter(ManagedFilter.java:80)
	at io.undertow.servlet.core.DeploymentManagerImpl$2.call(DeploymentManagerImpl.java:591)
	at io.undertow.servlet.core.DeploymentManagerImpl$2.call(DeploymentManagerImpl.java:556)
	at io.undertow.servlet.core.ServletRequestContextThreadSetupAction$1.call(ServletRequestContextThreadSetupAction.java:42)
	at io.undertow.servlet.core.ContextClassLoaderSetupAction$1.call(ContextClassLoaderSetupAction.java:43)
	at io.undertow.servlet.core.DeploymentManagerImpl.start(DeploymentManagerImpl.java:598)
	at com.jfinal.server.undertow.UndertowServer.configHttp(UndertowServer.java:284)
	at com.jfinal.server.undertow.UndertowServer.doStart(UndertowServer.java:262)
	at com.jfinal.server.undertow.UndertowServer.start(UndertowServer.java:159)
	at com.jfinal.server.undertow.UndertowServer.start(UndertowServer.java:84)
	at com.uu.common.UuConfig.main(UuConfig.java:23)
Caused by: com.mysql.jdbc.exceptions.jdbc4.MySQLSyntaxErrorException: Table 'pragmatic.blog' doesn't exist
	at sun.reflect.NativeConstructorAccessorImpl.newInstance0(Native Method)
	at sun.reflect.NativeConstructorAccessorImpl.newInstance(NativeConstructorAccessorImpl.java:62)
	at sun.reflect.DelegatingConstructorAccessorImpl.newInstance(DelegatingConstructorAccessorImpl.java:45)
	at java.lang.reflect.Constructor.newInstance(Constructor.java:423)
	at com.mysql.jdbc.Util.handleNewInstance(Util.java:425)
	at com.mysql.jdbc.Util.getInstance(Util.java:408)
	at com.mysql.jdbc.SQLError.createSQLException(SQLError.java:943)
	at com.mysql.jdbc.MysqlIO.checkErrorPacket(MysqlIO.java:3973)
	at com.mysql.jdbc.MysqlIO.checkErrorPacket(MysqlIO.java:3909)
	at com.mysql.jdbc.MysqlIO.sendCommand(MysqlIO.java:2527)
	at com.mysql.jdbc.MysqlIO.sqlQueryDirect(MysqlIO.java:2680)
	at com.mysql.jdbc.ConnectionImpl.execSQL(ConnectionImpl.java:2483)
	at com.mysql.jdbc.ConnectionImpl.execSQL(ConnectionImpl.java:2441)
	at com.mysql.jdbc.StatementImpl.executeQuery(StatementImpl.java:1381)
	at com.alibaba.druid.pool.DruidPooledStatement.executeQuery(DruidPooledStatement.java:140)
	at com.jfinal.plugin.activerecord.TableBuilder.doBuild(TableBuilder.java:71)
	at com.jfinal.plugin.activerecord.TableBuilder.build(TableBuilder.java:47)
	... 18 more
